<?xml version="1.0" encoding="UTF-8"?>
<!-- Generated by org.testng.reporters.JUnitReportReporter -->
<testsuite hostname="LAPTOP-VKT3PE38" failures="0" tests="2" name="tests.ui.services.TC01_CreateAccount" time="13.359" errors="1" timestamp="2022-11-06T10:41:38 IST" skipped="1">
  <testcase classname="tests.ui.services.TC01_CreateAccount" name="createAccount" time="0.543">
    <skipped/>
  </testcase> <!-- createAccount -->
  <system-out/>
  <testcase classname="tests.ui.services.TC01_CreateAccount" name="init" time="12.816">
    <error message="Error {
  message=&#039;Target page, context or browser has been closed
  name=&#039;Error
  stack=&#039;Error: Target page, context or browser has been closed
    at DispatcherConnection.dispatch (C:\Users\ROHITH\AppData\Local\Temp\playwright-java-1014535944253606735\package\lib\server\dispatchers\dispatcher.js:300:49)
    at PipeTransport.transport.onmessage (C:\Users\ROHITH\AppData\Local\Temp\playwright-java-1014535944253606735\package\lib\cli\driver.js:67:57)
    at Immediate._onImmediate (C:\Users\ROHITH\AppData\Local\Temp\playwright-java-1014535944253606735\package\lib\protocol\transport.js:89:34)
    at processImmediate (node:internal/timers:466:21)
}" type="com.microsoft.playwright.PlaywrightException">
      <![CDATA[com.microsoft.playwright.PlaywrightException: Error {
  message='Target page, context or browser has been closed
  name='Error
  stack='Error: Target page, context or browser has been closed
    at DispatcherConnection.dispatch (C:\Users\ROHITH\AppData\Local\Temp\playwright-java-1014535944253606735\package\lib\server\dispatchers\dispatcher.js:300:49)
    at PipeTransport.transport.onmessage (C:\Users\ROHITH\AppData\Local\Temp\playwright-java-1014535944253606735\package\lib\cli\driver.js:67:57)
    at Immediate._onImmediate (C:\Users\ROHITH\AppData\Local\Temp\playwright-java-1014535944253606735\package\lib\protocol\transport.js:89:34)
    at processImmediate (node:internal/timers:466:21)
}
at com.microsoft.playwright.impl.WaitableResult.get(WaitableResult.java:54)
at com.microsoft.playwright.impl.ChannelOwner.runUntil(ChannelOwner.java:111)
at com.microsoft.playwright.impl.Connection.sendMessage(Connection.java:108)
at com.microsoft.playwright.impl.ChannelOwner.sendMessage(ChannelOwner.java:102)
at com.microsoft.playwright.impl.PageImpl.screenshotImpl(PageImpl.java:1061)
at com.microsoft.playwright.impl.PageImpl.lambda$screenshot$51(PageImpl.java:1000)
at com.microsoft.playwright.impl.LoggingSupport.withLogging(LoggingSupport.java:47)
at com.microsoft.playwright.impl.ChannelOwner.withLogging(ChannelOwner.java:87)
at com.microsoft.playwright.impl.PageImpl.screenshot(PageImpl.java:1000)
at com.microsoft.playwright.Page.screenshot(Page.java:5170)
at com.force.ui.base.ProjectHooks.takeSnap(ProjectHooks.java:35)
at com.force.ui.utility.Reporter.reportStep(Reporter.java:79)
at com.force.ui.utility.Reporter.reportStep(Reporter.java:100)
at com.force.ui.base.ProjectHooks.init(ProjectHooks.java:65)
at java.base/jdk.internal.reflect.NativeMethodAccessorImpl.invoke0(Native Method)
at java.base/jdk.internal.reflect.NativeMethodAccessorImpl.invoke(NativeMethodAccessorImpl.java:62)
at java.base/jdk.internal.reflect.DelegatingMethodAccessorImpl.invoke(DelegatingMethodAccessorImpl.java:43)
at java.base/java.lang.reflect.Method.invoke(Method.java:567)
at org.testng.internal.MethodInvocationHelper.invokeMethod(MethodInvocationHelper.java:133)
at org.testng.internal.MethodInvocationHelper.invokeMethodConsideringTimeout(MethodInvocationHelper.java:62)
at org.testng.internal.ConfigInvoker.invokeConfigurationMethod(ConfigInvoker.java:385)
at org.testng.internal.ConfigInvoker.invokeConfigurations(ConfigInvoker.java:321)
at org.testng.internal.TestInvoker.runConfigMethods(TestInvoker.java:700)
at org.testng.internal.TestInvoker.invokeMethod(TestInvoker.java:527)
at org.testng.internal.TestInvoker.invokeTestMethod(TestInvoker.java:173)
at org.testng.internal.MethodRunner.runInSequence(MethodRunner.java:46)
at org.testng.internal.TestInvoker$MethodInvocationAgent.invoke(TestInvoker.java:824)
at org.testng.internal.TestInvoker.invokeTestMethods(TestInvoker.java:146)
at org.testng.internal.TestMethodWorker.invokeTestMethods(TestMethodWorker.java:146)
at org.testng.internal.TestMethodWorker.run(TestMethodWorker.java:128)
at java.base/java.util.concurrent.ThreadPoolExecutor.runWorker(ThreadPoolExecutor.java:1128)
at java.base/java.util.concurrent.ThreadPoolExecutor$Worker.run(ThreadPoolExecutor.java:628)
at java.base/java.lang.Thread.run(Thread.java:830)
Caused by: com.microsoft.playwright.impl.DriverException: Error {
  message='Target page, context or browser has been closed
  name='Error
  stack='Error: Target page, context or browser has been closed
    at DispatcherConnection.dispatch (C:\Users\ROHITH\AppData\Local\Temp\playwright-java-1014535944253606735\package\lib\server\dispatchers\dispatcher.js:300:49)
    at PipeTransport.transport.onmessage (C:\Users\ROHITH\AppData\Local\Temp\playwright-java-1014535944253606735\package\lib\cli\driver.js:67:57)
    at Immediate._onImmediate (C:\Users\ROHITH\AppData\Local\Temp\playwright-java-1014535944253606735\package\lib\protocol\transport.js:89:34)
    at processImmediate (node:internal/timers:466:21)
}
at com.microsoft.playwright.impl.Connection.dispatch(Connection.java:190)
at com.microsoft.playwright.impl.Connection.processOneMessage(Connection.java:170)
at com.microsoft.playwright.impl.ChannelOwner.runUntil(ChannelOwner.java:109)
... 31 more
]]>
    </error>
  </testcase> <!-- init -->
  <system-out/>
</testsuite> <!-- tests.ui.services.TC01_CreateAccount -->
